Build started 23/02/2016 13:41:17.
     1>Project "C:\Users\C00179413\Desktop\New folder\New folder\PegLeg_Pirates-branch\PegLeg_Pirates\PegLeg_Pirates.vcxproj" on node 2 (Build target(s)).
     1>ClCompile:
         C:\Program Files (x86)\Microsoft Visual Studio 12.0\VC\bin\CL.exe /c /I"C:\SFML-2.3.2\include" /I"C:\FMOD Programmers API Windows\api\inc" /Zi /nologo /W3 /WX- /sdl /O2 /Oi /Oy- /GL /D WIN32 /D NDEBUG /D _CONSOLE /D _LIB /D _UNICODE /D UNICODE /Gm- /EHsc /MD /GS /Gy /fp:precise /Zc:wchar_t /Zc:forScope /Fo"Release\\" /Fd"Release\vc120.pdb" /Gd /TP /analyze- /errorReport:prompt AnimationManager.cpp EnemyGun.cpp EnemySword.cpp Entity.cpp GameScene.cpp MenuScene.cpp OptionsScene.cpp PegLeg_Pirates.cpp Player.cpp Projectile.cpp ProjectileManager.cpp SceneManager.cpp sound.cpp stdafx.cpp UpgradeScene.cpp waveManager.cpp
         AnimationManager.cpp
         EnemyGun.cpp
         EnemySword.cpp
         Entity.cpp
         GameScene.cpp
     1>GameScene.cpp(138): warning C4244: 'argument' : conversion from 'time_t' to 'unsigned int', possible loss of data
     1>GameScene.cpp(547): warning C4244: 'argument' : conversion from 'int' to 'float', possible loss of data
         MenuScene.cpp
     1>MenuScene.cpp(22): warning C4244: 'argument' : conversion from 'time_t' to 'unsigned int', possible loss of data
         OptionsScene.cpp
         PegLeg_Pirates.cpp
         Player.cpp
     1>Player.cpp(72): warning C4244: '=' : conversion from 'float' to 'int', possible loss of data
     1>Player.cpp(83): warning C4244: 'return' : conversion from 'float' to 'int', possible loss of data
     1>Player.cpp(88): warning C4244: '=' : conversion from 'int' to 'float', possible loss of data
         Projectile.cpp
         ProjectileManager.cpp
         SceneManager.cpp
         sound.cpp
         stdafx.cpp
         UpgradeScene.cpp
         waveManager.cpp
       Link:
         C:\Program Files (x86)\Microsoft Visual Studio 12.0\VC\bin\link.exe /ERRORREPORT:PROMPT /OUT:"C:\Users\C00179413\Desktop\New folder\New folder\PegLeg_Pirates-branch\Release\PegLeg_Pirates.exe" /INCREMENTAL:NO /NOLOGO /LIBPATH:"C:\SFML-2.3.2\lib" /LIBPATH:"C:\FMOD Programmers API Windows\api\lib" kernel32.lib user32.lib gdi32.lib winspool.lib comdlg32.lib advapi32.lib shell32.lib ole32.lib oleaut32.lib uuid.lib odbc32.lib odbccp32.lib /MANIFEST /MANIFESTUAC:"level='asInvoker' uiAccess='false'" /manifest:embed /DEBUG /PDB:"C:\Users\C00179413\Desktop\New folder\New folder\PegLeg_Pirates-branch\Release\PegLeg_Pirates.pdb" /SUBSYSTEM:CONSOLE /OPT:REF /OPT:ICF /LTCG /TLBID:1 /DYNAMICBASE /NXCOMPAT /IMPLIB:"C:\Users\C00179413\Desktop\New folder\New folder\PegLeg_Pirates-branch\Release\PegLeg_Pirates.lib" /MACHINE:X86 /SAFESEH Release\AnimationManager.obj
         Release\EnemyGun.obj
         Release\EnemySword.obj
         Release\Entity.obj
         Release\GameScene.obj
         Release\MenuScene.obj
         Release\OptionsScene.obj
         Release\PegLeg_Pirates.obj
         Release\Player.obj
         Release\Projectile.obj
         Release\ProjectileManager.obj
         Release\SceneManager.obj
         Release\sound.obj
         Release\stdafx.obj
         Release\UpgradeScene.obj
         Release\waveManager.obj
         Generating code
         Finished generating code
         PegLeg_Pirates.vcxproj -> C:\Users\C00179413\Desktop\New folder\New folder\PegLeg_Pirates-branch\Release\PegLeg_Pirates.exe
       PostBuildEvent:
         copy /y “C:\FMOD Programmers API Windows\api\fmodex.dll” “C:\Users\C00179413\Desktop\New folder\New folder\PegLeg_Pirates-branch\Release\”
         :VCEnd
                 1 file(s) copied.
     1>Done Building Project "C:\Users\C00179413\Desktop\New folder\New folder\PegLeg_Pirates-branch\PegLeg_Pirates\PegLeg_Pirates.vcxproj" (Build target(s)).

Build succeeded.

Time Elapsed 00:00:15.17
