<<<<<<< HEAD
﻿Build started 22/02/2016 12:42:07.
     1>Project "C:\Users\C00179413\Desktop\PegLeg_Pirates-branch\PegLeg_Pirates\PegLeg_Pirates.vcxproj" on node 2 (Build target(s)).
     1>ClCompile:
         C:\Program Files (x86)\Microsoft Visual Studio 12.0\VC\bin\CL.exe /c /I"C:\SFML-2.3.2\include" /I"C:\FMOD Programmers API Windows\api\inc" /ZI /nologo /W3 /WX- /sdl /Od /Oy- /D WIN32 /D _DEBUG /D _CONSOLE /D _LIB /D _UNICODE /D UNICODE /Gm /EHsc /RTC1 /MDd /GS /fp:precise /Zc:wchar_t /Zc:forScope /Fo"Debug\\" /Fd"Debug\vc120.pdb" /Gd /TP /analyze- /errorReport:prompt GameScene.cpp PegLeg_Pirates.cpp SceneManager.cpp
         GameScene.cpp
     1>c:\users\c00179413\desktop\pegleg_pirates-branch\pegleg_pirates\gamescene.cpp(118): warning C4244: 'argument' : conversion from 'time_t' to 'unsigned int', possible loss of data
         Generating Code...
         Compiling...
         SceneManager.cpp
         PegLeg_Pirates.cpp
         Generating Code...
       Link:
         C:\Program Files (x86)\Microsoft Visual Studio 12.0\VC\bin\link.exe /ERRORREPORT:PROMPT /OUT:"C:\Users\C00179413\Desktop\PegLeg_Pirates-branch\Debug\PegLeg_Pirates.exe" /INCREMENTAL /NOLOGO /LIBPATH:"C:\SFML-2.3.2\lib" /LIBPATH:"C:\FMOD Programmers API Windows\api\lib" kernel32.lib user32.lib gdi32.lib winspool.lib comdlg32.lib advapi32.lib shell32.lib ole32.lib oleaut32.lib uuid.lib odbc32.lib odbccp32.lib /MANIFEST /MANIFESTUAC:"level='asInvoker' uiAccess='false'" /manifest:embed /DEBUG /PDB:"C:\Users\C00179413\Desktop\PegLeg_Pirates-branch\Debug\PegLeg_Pirates.pdb" /SUBSYSTEM:CONSOLE /TLBID:1 /DYNAMICBASE /NXCOMPAT /IMPLIB:"C:\Users\C00179413\Desktop\PegLeg_Pirates-branch\Debug\PegLeg_Pirates.lib" /MACHINE:X86 Debug\AnimationManager.obj
         Debug\EnemyGun.obj
         Debug\EnemySword.obj
         Debug\Entity.obj
         Debug\GameScene.obj
         Debug\LevelSelect.obj
         Debug\MenuScene.obj
         Debug\OptionsScene.obj
         Debug\PegLeg_Pirates.obj
         Debug\Player.obj
         Debug\Projectile.obj
         Debug\ProjectileManager.obj
         Debug\SceneManager.obj
         Debug\sound.obj
         Debug\stdafx.obj
         Debug\waveManager.obj
         PegLeg_Pirates.vcxproj -> C:\Users\C00179413\Desktop\PegLeg_Pirates-branch\Debug\PegLeg_Pirates.exe
       PostBuildEvent:
         copy /y “C:\FMOD Programmers API Windows\api\fmodex.dll” “C:\Users\C00179413\Desktop\PegLeg_Pirates-branch\Debug\”
         :VCEnd
                 1 file(s) copied.
     1>Done Building Project "C:\Users\C00179413\Desktop\PegLeg_Pirates-branch\PegLeg_Pirates\PegLeg_Pirates.vcxproj" (Build target(s)).

Build succeeded.

Time Elapsed 00:00:03.54
=======
﻿  EnemySword.cpp
sound.obj : warning LNK4099: PDB 'vc120.pdb' was not found with 'sound.obj' or at 'C:\Users\Anthony O'Sullivan\Desktop\New folder (2)\pegleg_pirateGit\Debug\vc120.pdb'; linking object as if no debug info
LevelSelect.obj : warning LNK4099: PDB 'vc120.pdb' was not found with 'LevelSelect.obj' or at 'C:\Users\Anthony O'Sullivan\Desktop\New folder (2)\pegleg_pirateGit\Debug\vc120.pdb'; linking object as if no debug info
  PegLeg_Pirates.vcxproj -> C:\Users\Anthony O'Sullivan\Desktop\New folder (2)\pegleg_pirateGit\Debug\PegLeg_Pirates.exe
          1 file(s) copied.
>>>>>>> 8a8876937c56b69155def7748f90e4598657636f
