c:\users\c00179413\desktop\pegleg_pirates\pegleg_pirates\debug\vc120.pdb
c:\users\c00179413\desktop\pegleg_pirates\pegleg_pirates\debug\vc120.idb
c:\users\c00179413\desktop\pegleg_pirates\pegleg_pirates\debug\enemysword.obj
c:\users\c00179413\desktop\pegleg_pirates\pegleg_pirates\debug\entity.obj
c:\users\c00179413\desktop\pegleg_pirates\pegleg_pirates\debug\pegleg_pirates.obj
c:\users\c00179413\desktop\pegleg_pirates\pegleg_pirates\debug\player.obj
c:\users\c00179413\desktop\pegleg_pirates\pegleg_pirates\debug\projectile.obj
c:\users\c00179413\desktop\pegleg_pirates\pegleg_pirates\debug\scenemanager.obj
c:\users\c00179413\desktop\pegleg_pirates\pegleg_pirates\debug\stdafx.obj
c:\users\c00179413\desktop\pegleg_pirates\pegleg_pirates\debug\sound.obj
c:\users\c00179413\desktop\pegleg_pirates\debug\pegleg_pirates.ilk
c:\users\c00179413\desktop\pegleg_pirates\debug\pegleg_pirates.exe
c:\users\c00179413\desktop\pegleg_pirates\debug\pegleg_pirates.pdb
c:\users\c00179413\desktop\pegleg_pirates\pegleg_pirates\debug\camera.obj
c:\users\c00179413\desktop\pegleg_pirates\pegleg_pirates\debug\pegleg_pirates.tlog\cl.command.1.tlog
c:\users\c00179413\desktop\pegleg_pirates\pegleg_pirates\debug\pegleg_pirates.tlog\cl.read.1.tlog
c:\users\c00179413\desktop\pegleg_pirates\pegleg_pirates\debug\pegleg_pirates.tlog\cl.write.1.tlog
c:\users\c00179413\desktop\pegleg_pirates\pegleg_pirates\debug\pegleg_pirates.tlog\link.command.1.tlog
c:\users\c00179413\desktop\pegleg_pirates\pegleg_pirates\debug\pegleg_pirates.tlog\link.read.1.tlog
c:\users\c00179413\desktop\pegleg_pirates\pegleg_pirates\debug\pegleg_pirates.tlog\link.write.1.tlog
